9611;F9D1152547C0BDE01830B7E8BD60024C;20
9872;604616E4D592B744E14EC3FF33204DEC;20
3458;D0F1C52A0107BD8707444BBF130A0234;20
7928;0342C9A7B54450830E9727B98F8E3CB7;20
8790;EFB3D8BE0319721EF751DA0B05D9F6A5;20
5581;123650DD0560587918B3D771CF0C0171;20
5155;4E6CD95227CB0C280E99A195BE5F6615;20
3244;8CAA38721906C1A0BB95C80FAB33A893;20
7364;79121BB953A3BD47C076F20234BAFD2E;20
7427;B0BB808A5994AEFA4F47D7EC6E58C984;20
7354;7369F3C86BF3C0A354615432832D9E8F;20
1969;F0BF4A2DA952528910047C31B6C2E951;20
9551;82599A4EC94ACA066873C99B4C741ED8;20
9363;26D4B4313A7E5828856BC0791FCA39A2;20
4040;9FD98F856D3CA2086168F264A117ED7C;20
2983;94F4EDE62112B790C91D5E64FDB09CB8;20
8156;5C7A3B81A677C639C76989610183C0E0;20
5032;2EAD807305F1256D739E30B5C14E12C0;20
2173;0F089A3BCF38D052F7882D12B3923A82;20
3800;F4661398CB1A3ABD3FFE58600BF11322;20
9017;525B8410CC8612283C9ECAF9A319F8ED;20
8368;DE8AA43E5D5FA8536CF23E54244476FA;20
1693;C88D8D0A6097754525E02C2246D8D27F;20
1115;16105FB9CC614FC29E1BDA00DAB60D41;20
9681;4DCFBC057E2AE8589F9BBD98B591C50A;20
3314;B8D25A0847F77B6B8461968D912A1D56;20
1638;F60BB6BB4C96D4DF93C51BD69DCC15A0;20
5458;92049DEBBE566CA5782A3045CF300A3C;20
5578;A424ED4BD3A7D6AEA720B86D4A360F75;20
7785;A42A596FC71E17828440030074D15E74;20
8410;92350DEE085A781753D9301FEA11D51C;20
3199;3B199F42A9909061516B6CE6D334AF6D;20
6351;0AF787945872196B42C9F73EAD2565C8;20
1679;1980FA3BBFF704C8BEC1B7196CF7DFBC;20
9972;26D4B4313A7E5828856BC0791FCA39A2;20
1284;ED57844FA5E051809EAD5AA7E3E1D555;20
5334;C88D8D0A6097754525E02C2246D8D27F;20
4539;466FB9BD9D76E8388D327709C005D02E;20
3881;0AF787945872196B42C9F73EAD2565C8;20
9860;CD81CFD0A3397761FAC44DDBE5EC3349;20
9395;5C2E4C80EECDE1E0C37BDF00F84A9DD1;20
7495;228E338FDDCDF62A8065110D0B5F87FB;20
4659;7BCBF838AAD2D6D4F975380EE45EF8D8;20
9376;4A206753FB46C88CB473D70BFA605984;20
1470;B075703BBE07A50DDCCCFAAC424BB6D9;20
7201;C9AE603664BE6F45C2FC1620F2B0AB7B;20
1905;72C25197B6A491816D9A84B42D7205F0;20
8843;16FC18D787294AD5171100E33D05D4E2;20
1175;967C2AE04B169F07E7FA8FDFD110551E;20
4826;C5EEE1896752E5AC19A3A0BB34FBAB4B;20
4973;1A551829D50F1400B0DAB21FDD969C04;20
5679;E2C4A40D50B47094F571E40EFEAD3900;20
3814;995693C15F439E3D189B06E89D145DD5;20
5563;35D8F387D4934B6EE53CE5C9A1D8C1D7;20
7757;39144DA5A6180C47885443C83547EC14;20
3974;34E157766F31DB3D2099831D348A7933;20
8947;702CAFA3BB4C9C86E4A3B6834B45AEDD;20
9761;A18AD9F9BCD4E260979D102A260FC262;20
9346;7C4EDE33A62160A19586F6E26EAEFACF;20
4057;4D7E0D72898AE7EA3593EB5EBF20C744;20
3434;28E209B61A52482A0AE1CB9F5959C792;20
4528;4E6CD95227CB0C280E99A195BE5F6615;20
7873;D1588E685562AF341FF2448DE4B674D1;20
4980;55A0CE8200CF39C3028EBC66F356BF7E;20
8563;894DB62F7B7A6ED2F2A277DAE56A017C;20
8586;798CEBCCB32617AD94123450FD137104;20
9861;142536B9B535B78E681C11B0195D962F;20
4902;CE65F40E3A20AD19FE352C52CE3BCF51;20
2377;675BE3930765F553975C0B140BBF0863;20
5206;4A206753FB46C88CB473D70BFA605984;20
7797;3E5190EEB51EBE6C5BBC54EE8950C548;20
3361;5B5C2E6AACC6CEB83EE96E328E591AEA;20
9854;CAA202034F268232C26FAC9435F54E15;20
9338;41C542DFE6E4FC3DEB251D64CF6ED2E4;20
6431;9D28DE8FF9BB6A3FA41FDDFDC28F3BC1;20
5147;FEECEE9F1643651799EDE2740927317A;20
6933;EF67F7C2D86352C2C42E19D20F881F53;20
7360;1980FA3BBFF704C8BEC1B7196CF7DFBC;20
1538;61B1FB3F59E28C67F3925F3C79BE81A1;20
6794;718EA70458E7267659F6F7751972DE2D;20
2669;525B8410CC8612283C9ECAF9A319F8ED;20
7498;5EB2A86C4E7F9BA6DFE6F786E90C26D7;20
8458;7884A9652E94555C70F96B6BE63BE216;20
3731;E9470886ECAB9743FB7EA59420C245D2;20
2021;995665640DC319973D3173A74A03860C;20
1598;1F8F69B53D86CF2A952BF95D87A59B0C;20
9794;1C6A0198177BFCC9BD93F6AAB94AAD3C;20
8759;7AC52E3F2729D1B3F6D2B7E8F6467226;20
2827;B1BD679EE670417856A31CD0F6F1FFD2;20
1841;A01F3CA6E3E4ECE8E1A30696F52844BC;20
5028;4E6CD95227CB0C280E99A195BE5F6615;20
1872;D2AB2B971FF0DC34B54C0EAA664873F0;20
7574;416849DA96FB73BEE793E2BF65AE43AC;20
2960;39144DA5A6180C47885443C83547EC14;20
2694;F1676935F9304B97D59B0738289D2E22;20
6349;8CAA38721906C1A0BB95C80FAB33A893;20
7454;8FF3FDEF6F5144F50EB2A83CD34BAA5D;20
9729;9D28DE8FF9BB6A3FA41FDDFDC28F3BC1;20
3939;F44EE263952E65B3610B8BA51229D1F9;20
8722;75DF63609809C7A2052FDFFE5C00A84E;20
5016;D860BD12CE9C026814BBDFC1C573F0F5;20
8783;39CEC6D4D21B5DADE7544DAB6881423E;20
1997;66705064B387572428517E38AE23E019;20
1471;7BCBF838AAD2D6D4F975380EE45EF8D8;20
4458;E11943A6031A0E6114AE69C257617980;20
6340;F80BF05527157A8C2A7BB63B22F49AAA;20
8111;ED23FBF18C2CD35F8C7F8DE44F85C08D;20
2230;9A555403384FC12F931656DEA910E334;20
1223;CD8D5260C8131CA7AEEA5D41796D1A0A;20
9000;E6385D39EC9394F2F3A354D9D2B88EEC;20
2921;3F53D7190148675E3CD472FC826828C5;20
3902;A8EF1979AEEC2737AE3830EC543ED0DF;20
3112;B143DD1D2536B541030525F25AF5FC38;20
2630;6A2FEEF8ED6A9FE76D6B3F30F02150B4;20
7191;205C3608ECB984C1F5F5D2F52C934428;20
4306;66705064B387572428517E38AE23E019;20
4550;9F810EBD27F4DBCF1CCC9302E5125F08;20
8260;6E96BE832CF8BC6B35A956E8FB66C76A;20
6025;7EDCFB2D8F6A659EF4CD1E6C9B6D7079;20
2889;12780EA688A71DABC284B064ADD459A4;20
1005;67974233917CEA0E42A49A2FB7EB4CF4;20
2033;A424ED4BD3A7D6AEA720B86D4A360F75;20
1383;0B9E57C46DE934CEE33B0E8D1839BFC2;20
8608;12780EA688A71DABC284B064ADD459A4;20
4816;3332880692313818482A5A0286608AB6;20
3525;0AF787945872196B42C9F73EAD2565C8;20
1821;ECF9902E0F61677C8DE25AE60B654669;20
2273;04F2A4140112AE491F66A1C558DF795F;20
2829;D073BB8D0C47F317DD39DE9C9F004E9D;20
1160;5EB2A86C4E7F9BA6DFE6F786E90C26D7;20
4823;F1676935F9304B97D59B0738289D2E22;20
5549;A729D76292A6A72FC99598BBC1E33AE6;20
6335;1A551829D50F1400B0DAB21FDD969C04;20
7014;F621585DF244E9596DC70A39B579EFB1;20
5046;1177967C7957072DA3DC1DB4CEB30E7A;20
9323;F6D9E459B9FBF6DD26C4F7D621ADEC1D;20
1751;D4BAD256C73A6B25B86CC9C1A77255B1;20
4044;7503CFACD12053D309B6BED5C89DE212;20
5041;46DCE5F2F0E61EDB70931A00D00A464E;20
9328;02AE6A786BBF135D3D223CBC0E770B6E;20
3379;0342C9A7B54450830E9727B98F8E3CB7;20
8672;525B8410CC8612283C9ECAF9A319F8ED;20
3766;F52B43F6E0E444510CF55C5869D8D06B;20
4756;90FD26A243F6D14C4B3DF082CDC8DA66;20
7365;155DD3CA4C009BB5930C050AA669E248;20
3669;09A5E2A11BEA20817477E0B1DFE2CC21;20
1308;F02A8FDE79DDF5B978CD9AE9D408B7C1;20
3105;435D6AB1BA16BA7E05E09D9728BC36CA;20
5668;05128E44E27C36BDBA71221BFCCF735D;20
8529;E9470886ECAB9743FB7EA59420C245D2;20
5732;37C9216B00A111AC0E1F81DE25DDFF77;20
4632;967C2AE04B169F07E7FA8FDFD110551E;20
8442;66705064B387572428517E38AE23E019;20
3826;CBA2A355DC11678A805DE3839A03E32D;20
3932;36FA3ECC0B2D2BFE0BEC0F2B369F24DB;20
8616;EAD81FE8CFE9FDA9E4C2093E17E4D024;20
7759;11108A3DBFE4636CB40B84B803B2FFF6;20
8614;48237D9F2DEA8C74C2A72126CF63D933;20
6678;5B5C2E6AACC6CEB83EE96E328E591AEA;20
3092;8830C97AB60254CD05628C6E61E8C54C;20
3983;69F62956429865909921FA916D61C1F8;20
3552;0342C9A7B54450830E9727B98F8E3CB7;20
4783;CE1AAD92B939420FC17005E5461E6F48;20
2833;35285AA740B37F0B1933DA97BF4CA4B9;20
5450;5CC3749A6E56EF6D656735DFF9176074;20
9300;69B4FA3BE19BDF400DF34E41B93636A4;20
4475;6A2FEEF8ED6A9FE76D6B3F30F02150B4;20
1150;D631CD193BBB80D23115E06962955320;20
4312;C88D8D0A6097754525E02C2246D8D27F;20
3678;E98741479A7B998F88B8F8C9F0B6B6F1;20
3614;CD8D5260C8131CA7AEEA5D41796D1A0A;20
9497;1980FA3BBFF704C8BEC1B7196CF7DFBC;20
2553;6A2FEEF8ED6A9FE76D6B3F30F02150B4;20
3248;3810B20210601CB47AAE3F1380A264D2;20
5319;B8B4B727D6F5D1B61FFF7BE687F7970F;20
4980;55A0CE8200CF39C3028EBC66F356BF7E;20
5191;CAA145542F7333F6EBF99A72B87BDEBA;20
7255;20479C788FB27378C2C99EADCF207E7F;20
5981;66705064B387572428517E38AE23E019;20
2592;07A9D3FED4C5EA6B17E80258DEE231FA;20
7662;71E887BC2B6A4EBDEEDB744C1430D587;20
7319;6D1E481BDCF159961818823E652A7725;20
6381;BD22BDA4D3651B7AEFB85F676D3F18CD;20
5421;9FD98F856D3CA2086168F264A117ED7C;20
3194;F80BF05527157A8C2A7BB63B22F49AAA;20
5875;A9D34FB66D81367590FDD5337324233A;20
9796;A1519DE5B5D44B31A01DE013B9B51A80;20
8117;1354B84ECA447AB194EDADB895706BB0;20
4759;68AEA522760347926520BFA959F15240;20
4121;DD409260AEA46A90E61B9A69FB9726EF;20
4600;44CD7A8F7F9F85129B9953950665064D;20
6649;92350DEE085A781753D9301FEA11D51C;20
5837;05128E44E27C36BDBA71221BFCCF735D;20
9156;B143DD1D2536B541030525F25AF5FC38;20
8823;E2C4A40D50B47094F571E40EFEAD3900;20
9713;BE6AD6F949EEB8EBB94EBC82F0FAC2F2;20
9800;B17187189082540F0F755D80816CDE1F;20
9064;AEE92F16EFD522B9326C25CC3237AC15;20
2528;0A73DE68F10E15626EB98701ECF03ADB;20
3227;64B327D40918CA7522AC22E3D02DC41C;20
1200;596059D266F32A63144D67628A53DB89;20
5918;094BB65EF46D3EB4BE0A87877EC333EB;20
7684;84D2004BF28A2095230E8E14993D398D;20
3993;F629ED9325990B10543AB5946C1362FB;20
3616;C4616F5A24A66668F11CA4FA80525DC4;20
4093;1F8F69B53D86CF2A952BF95D87A59B0C;20
2421;6157966F9B9E2F35D2266675BAD8B7F8;20
4980;55A0CE8200CF39C3028EBC66F356BF7E;20
7017;FB4C48608CE8825B558CCF07169A3421;20
8803;5616060FB8AE85D93F334E7267307664;20
9137;B49D4455D64520060AC01FB5A3C757E4;20
4649;426F990B332EF8193A61CC90516C1245;20
1762;FB6C4E0B4B90EBFB5A35CA7A9CBF1D16;20
3466;484A231D05EE0B8331980DAF4C1749FB;20
8994;1980FA3BBFF704C8BEC1B7196CF7DFBC;20
4422;28B60A16B55FD531047C0C958CE14B95;20
6496;FB4C48608CE8825B558CCF07169A3421;20
3387;A2B8A85A29B2D64AD6F47275BF1360C6;20
8720;BB44C2E24438B59F0D2109FEC67F6B20;20
3679;82356B37A12462391ABF004C8362D389;20
2166;6D1E481BDCF159961818823E652A7725;20
6242;79121BB953A3BD47C076F20234BAFD2E;20
9513;3F088EBEDA03513BE71D34D214291986;20
8670;67E235E7F2FA8800D8375409B566E6B6;20
3328;FB6C4E0B4B90EBFB5A35CA7A9CBF1D16;20
3014;7D6548BDC0082AACC950ED35E91FCCCB;20
7033;5A767A4DCC32539B91DC6C3C7FFE44F0;20
8297;098930A1F6C40597F933A2D617F798BA;20
3697;B143DD1D2536B541030525F25AF5FC38;20
6366;094BB65EF46D3EB4BE0A87877EC333EB;20
1158;F7CADE80B7CC92B991CF4D2806D6BD78;20
8065;EFFC299A1ADDB07E7089F9B269C31F2F;20
7653;D1E39C9BDA5C80AC3D8EA9D658163967;20
7915;E11943A6031A0E6114AE69C257617980;20
7213;466FB9BD9D76E8388D327709C005D02E;20
4374;34E157766F31DB3D2099831D348A7933;20
3014;7D6548BDC0082AACC950ED35E91FCCCB;20
8498;82599A4EC94ACA066873C99B4C741ED8;20
2819;692BF3658E41106E0685C99FFC6F3343;20
7957;77340C2E00E9E6AD1B2784DAD06291EA;20
9946;487D4C6A324446B3FA45B30CFCEE5337;20
2343;9F810EBD27F4DBCF1CCC9302E5125F08;20
3420;94B02D7D3F29B972B34C169CFA68120D;20
5494;966EAA9527EB956F0DC8788132986707;20
5307;1F8F69B53D86CF2A952BF95D87A59B0C;20
8968;B27D5296BEDE63B1493A5D321D4E8092;20
8768;9718DB12CAE6BE37F7349779007EE589;20
9352;CF9A242B70F45317FFD281241FA66502;20
2080;1980FA3BBFF704C8BEC1B7196CF7DFBC;20
8772;094BB65EF46D3EB4BE0A87877EC333EB;20
4360;967C2AE04B169F07E7FA8FDFD110551E;20
6938;30C0A496A57BCC2C7C6C481342526729;20
5800;46FC943ECD56441056A560BA37D0B9E8;20
2527;BB44C2E24438B59F0D2109FEC67F6B20;20
5874;4DDB5B8D603F88E9DE689F3230234B47;20
6391;B1BD679EE670417856A31CD0F6F1FFD2;20
8042;79121BB953A3BD47C076F20234BAFD2E;20
4410;A729D76292A6A72FC99598BBC1E33AE6;20
3167;4F87658EF0DE194413056248A00CE009;20
8199;FBB5D2CF4558B47551AD4A26CE3F11A0;20
9113;65184321C340B4D56581EE59B58D9D56;20
5766;955D864A62659945CC9434898E275DEB;20
7278;DEA184826614D3F4C608731389ED0C74;20
7854;A424ED4BD3A7D6AEA720B86D4A360F75;20
8043;CA4B33532855080DFA79CF8A925D146D;20
2562;F9322B146574D9DA9AD32AD879AD373B;20
5177;51681A7C14879F9ECA39669DF858F75B;20
8848;7BCCFDE7714A1EBADF06C5F4CEA752C1;20
2875;3BCF6EECB2611212E088D0D91F2ADE9C;20
9348;A42A596FC71E17828440030074D15E74;20
3724;752D2C9ECFE079E5E5F3539F4D750E5C;20
2156;2451041557A22145B3701B0184109CAB;20
2022;4DDB5B8D603F88E9DE689F3230234B47;20
9594;E0AE4561193DBF6E4CF7E8F4006948E3;20
2410;B4F8E5C5FB53F5BA81072451531D5460;20
1837;5D7009220A974E94404889274D3A9553;20
2166;6D1E481BDCF159961818823E652A7725;20
7474;84FDBC3AC902561C00871C9B0C226756;20
5954;7D6548BDC0082AACC950ED35E91FCCCB;20
3546;5EB2A86C4E7F9BA6DFE6F786E90C26D7;20
1758;69B4FA3BE19BDF400DF34E41B93636A4;20
2536;045E819D22372094416AE62A15C8E69F;20
1803;328347805873E9A9C700591812FB0EC2;20
8571;69F62956429865909921FA916D61C1F8;20
4686;BB44C2E24438B59F0D2109FEC67F6B20;20
3184;C5EEE1896752E5AC19A3A0BB34FBAB4B;20
2851;F0BF4A2DA952528910047C31B6C2E951;20
4444;3A824154B16ED7DAB899BF000B80EEEE;20
4107;D0F4DAE80C3D0277922F8371D5827292;20
2584;F44EE263952E65B3610B8BA51229D1F9;20
9497;1980FA3BBFF704C8BEC1B7196CF7DFBC;20
4329;E046EDE63264B10130007AFCA077877F;20
4729;26D4B4313A7E5828856BC0791FCA39A2;20
7435;6A2FEEF8ED6A9FE76D6B3F30F02150B4;20
4254;C4D2CE3F3EBB5393A77C33C0CD95DC93;20
3152;831C2F88A604A07CA94314B56A4921B8;20
9075;FD5C905BCD8C3348AD1B35D7231EE2B1;20
7016;4A206753FB46C88CB473D70BFA605984;20
1720;3770282AE7C0E576D1017A97A9260A3F;20
7868;4E6CD95227CB0C280E99A195BE5F6615;20
9366;765D5FB115A9F6A3E0B23B80A5B2E4C4;20
7059;89F05CB285F636E4A39D7F14FFFC796E;20
6623;448D5EDA79895153938A8431919F4C9F;20
8376;A424ED4BD3A7D6AEA720B86D4A360F75;20
4739;BE6AD6F949EEB8EBB94EBC82F0FAC2F2;20
3303;47A658229EB2368A99F1D032C8848542;20
5088;94FEE470B43270A912C27D56C27B3211;20
8294;5C7A3B81A677C639C76989610183C0E0;20
2405;7BCCFDE7714A1EBADF06C5F4CEA752C1;20
5023;E6384711491713D29BC63FC5EEB5BA4F;20
9972;26D4B4313A7E5828856BC0791FCA39A2;20
5273;5A0C828364DBF6DD406139DAB7B25398;20
5238;B2004314AA49D95302179246148E0326;20
3430;B5C01503041B70D41D80E3DBE31BBD8C;20
6349;8CAA38721906C1A0BB95C80FAB33A893;20
7522;F9D1152547C0BDE01830B7E8BD60024C;20
2034;967C2AE04B169F07E7FA8FDFD110551E;20
4627;C88D8D0A6097754525E02C2246D8D27F;20
9762;665D5CBB82B5785D9F344C46417C6C36;20
4980;55A0CE8200CF39C3028EBC66F356BF7E;20
5326;44012E792781772D8795ACF27FABED2F;20
2687;75DF63609809C7A2052FDFFE5C00A84E;20
7892;E6384711491713D29BC63FC5EEB5BA4F;20
8925;67E235E7F2FA8800D8375409B566E6B6;20
9227;CA6AB34959489659F8C3776AAF1F8EFD;20
9528;FEECEE9F1643651799EDE2740927317A;20
6655;5BD844F11FA520D54FA5EDEC06EA2507;20
4831;DCA49D1A5928CB1C1AC064E9137C8B0F;20
5232;92350DEE085A781753D9301FEA11D51C;20
3468;A1519DE5B5D44B31A01DE013B9B51A80;20
7555;ECB9FE2FBB99C31F567E9823E884DBEC;20
9986;CD3AFEF9B8B89558CD56638C3631868A;20
6299;487D4C6A324446B3FA45B30CFCEE5337;20
5745;A18AD9F9BCD4E260979D102A260FC262;20
7333;D4BAD256C73A6B25B86CC9C1A77255B1;20
3717;3F53D7190148675E3CD472FC826828C5;20
9809;B87470782489389F344C4FA4CEB5260C;20
3829;866D90E0921AC7B024B47D672445A086;20
7550;E36286B94D3C219F414E0427E5F73AA5;20
5046;1177967C7957072DA3DC1DB4CEB30E7A;20
5207;2639C6BD2A42E714227B06646829D6EA;20
2035;DD50E4D9C47CDF72D24E89D248EDB35B;20
9786;765D5FB115A9F6A3E0B23B80A5B2E4C4;20
3304;ED57844FA5E051809EAD5AA7E3E1D555;20
7207;AB9EBD57177B5106AD7879F0896685D4;20
5840;66705064B387572428517E38AE23E019;20
6538;9C4E6233C6D5FF637E7984152A3531D5;20
6473;F0BB93E395C7C1A09E6206F2016DFC47;20
3472;A60937EBA57758ED45B6D3E91E8659F3;20
9280;484A231D05EE0B8331980DAF4C1749FB;20
4754;995693C15F439E3D189B06E89D145DD5;20
9054;0E1BACF07B14673FCDB553DA51B999A5;20
6570;48237D9F2DEA8C74C2A72126CF63D933;20
1990;D0F4DAE80C3D0277922F8371D5827292;20
3167;4F87658EF0DE194413056248A00CE009;20
4840;2E9F978B222A956BA6BDF427EFBD9AB3;20
4834;572201A4497B0B9F02D4F279B09EC30D;20
3789;4FA04FBC0B0CE68711F7550CE6113720;20
9246;205C3608ECB984C1F5F5D2F52C934428;20
2267;F23B3DF742BB9FBF6BBF30A05150AC19;20
9484;F6D9E459B9FBF6DD26C4F7D621ADEC1D;20
8162;C90E274D55309DB944076AFB3FF9C391;20
5621;BCB3303A96A92DC38C12992941DE7627;20
6948;0AE3F79A30234B6C45A6F7D298BA1310;20
2987;C6969AE30D99F73951CB976B88A457AF;20
2653;48237D9F2DEA8C74C2A72126CF63D933;20
6318;5837E05C0213DC1617E409543331442C;20
9594;E0AE4561193DBF6E4CF7E8F4006948E3;20
8168;A0F3601DC682036423013A5D965DB9AA;20
6969;F9322B146574D9DA9AD32AD879AD373B;20
7978;7BCBF838AAD2D6D4F975380EE45EF8D8;20
4754;995693C15F439E3D189B06E89D145DD5;20
9039;808E22AF6C33EEA22608F30CEF458844;20
3547;A42A596FC71E17828440030074D15E74;20
9528;FEECEE9F1643651799EDE2740927317A;20
2731;EC99DD0BBD9458BC47D4B550B55AA1B2;20
6651;583CF6A4542809A64AD14586EC00EBE0;20
9438;A4D92E2CD541FCA87E4620ABA658316D;20
4431;0A7D7A81E8E3A20E4C34748E98EF45F6;20
9570;A9699F79C9FA998546818D396CB7646E;20
7526;68F3943E88E117A4ED1ED17C596A251F;20
2628;1FB36C4CCF88F7E67EAD155496F02338;20
4744;36FA3ECC0B2D2BFE0BEC0F2B369F24DB;20
2252;D860BD12CE9C026814BBDFC1C573F0F5;20
9410;98311AB43A6B6E6C94A0D30E0F02F3CE;20
4340;B1BD679EE670417856A31CD0F6F1FFD2;20
6671;11108A3DBFE4636CB40B84B803B2FFF6;20
9081;35285AA740B37F0B1933DA97BF4CA4B9;20
7114;8FF3FDEF6F5144F50EB2A83CD34BAA5D;20
9421;F7CADE80B7CC92B991CF4D2806D6BD78;20
1240;E4A86B0D7BF4C46D7D550A92B0B2FCAE;20
5784;34E157766F31DB3D2099831D348A7933;20
5229;30C0A496A57BCC2C7C6C481342526729;20
7670;1354B84ECA447AB194EDADB895706BB0;20
4981;71E887BC2B6A4EBDEEDB744C1430D587;20
4042;B1BD679EE670417856A31CD0F6F1FFD2;20
3351;967C2AE04B169F07E7FA8FDFD110551E;20
6833;C88D8D0A6097754525E02C2246D8D27F;20
3242;743C41A921516B04AFDE48BB48E28CE6;20
1986;97788494D0CB9C4AD37AF9A76290B361;20
3246;73A427BADEBE0E32CAA2E1FC7530B7F3;20
4048;58D2F92539A5492FE6EF1E7375C6E9B6;20
4847;3E5190EEB51EBE6C5BBC54EE8950C548;20
4716;51311013E51ADEBC3C34D2CC591FEFEE;20
6077;FC6709BFDF0572F183C1A84CE5276E96;20
4705;E11943A6031A0E6114AE69C257617980;20
3364;3E441EEC3456B703A4FE741005F3981F;20
1033;AE581798565C3B1C587905BFF731B86A;20
9433;866D90E0921AC7B024B47D672445A086;20
6072;466FB9BD9D76E8388D327709C005D02E;20
3135;56786BBE51B83AE53C89E68EFB23425A;20
4396;0EE8B85A85A49346FDFF9665312A5CC4;20
7350;B91F4F4D36FA98A94AC5584AF95594A0;20
4521;186A157B2992E7DAED3677CE8E9FE40F;20
2599;254A5ECB7AC40CC6C8FF9402F37EB585;20
5572;71E887BC2B6A4EBDEEDB744C1430D587;20
5008;540BD55A2CF295B8EA9CD78650E89D03;20
9872;604616E4D592B744E14EC3FF33204DEC;20
4127;F44EE263952E65B3610B8BA51229D1F9;20
3590;A729D76292A6A72FC99598BBC1E33AE6;20
2016;A052F1FCCF47B66D047F2234C53F1597;20
1197;416849DA96FB73BEE793E2BF65AE43AC;20
9792;23D38970923B1165915709E05326D2C6;20
1345;653CD6F9EFEFE6D273E2C116D2A6B765;20
8501;CFE795A0A3C7BC1683F2EFD8837DDE0C;20
5406;D0F82E1046CCBD597C7F2A7BFBA9E7DD;20
6981;E2A7555F7CABD6E31AEF45CB8CDA4999;20
7700;789BA2AE4D335E8A2AD283A3F7EFFCED;20
4277;1A551829D50F1400B0DAB21FDD969C04;20
6071;E833E042F509C996B1B25324D56659FB;20
2783;39CEC6D4D21B5DADE7544DAB6881423E;20
3942;4DDB5B8D603F88E9DE689F3230234B47;20
8472;2107931DE60C5A7C5D526BD1D6A8A34D;20
4250;0F089A3BCF38D052F7882D12B3923A82;20
6401;71E887BC2B6A4EBDEEDB744C1430D587;20
4278;C2DDC87B68FED4F62A29C1FF816F58B0;20
5868;147768D3955E38C4E662C0A95D807ABC;20
5503;36FA3ECC0B2D2BFE0BEC0F2B369F24DB;20
6625;58EC72DF0CACA51DF569D0B497C33805;20
2393;3BCF6EECB2611212E088D0D91F2ADE9C;20
6118;C900FE92840C527A0C54F28640C2F254;20
4918;967C2AE04B169F07E7FA8FDFD110551E;20
5584;995693C15F439E3D189B06E89D145DD5;20
9193;4ECB679FD35DCFD0F0894C399590BE1A;20
3712;0A7D7A81E8E3A20E4C34748E98EF45F6;20
5723;75DF63609809C7A2052FDFFE5C00A84E;20
5571;1F8F69B53D86CF2A952BF95D87A59B0C;20
2555;1E591403FF232DE0F0F139AC51D99295;20
4254;C4D2CE3F3EBB5393A77C33C0CD95DC93;20
6965;69961657077E0093ED761AA01916C5FF;20
6725;1980FA3BBFF704C8BEC1B7196CF7DFBC;20
3284;1F8F69B53D86CF2A952BF95D87A59B0C;20
2167;B2EA5E977C5FC1CCFA74171A9723DD61;20
1829;D4BAD256C73A6B25B86CC9C1A77255B1;20
1748;66705064B387572428517E38AE23E019;20
6496;FB4C48608CE8825B558CCF07169A3421;20
6414;68C694DE94E6C110F42E587E8E48D852;20
7402;0111CE77801C36B76B07263F4DDA44CA;20
9649;1980FA3BBFF704C8BEC1B7196CF7DFBC;20
6344;525B8410CC8612283C9ECAF9A319F8ED;20
5220;84D2004BF28A2095230E8E14993D398D;20
8060;04F2A4140112AE491F66A1C558DF795F;20
4691;81BC798A42A7CE40810BF523F24DEEE1;20
9338;41C542DFE6E4FC3DEB251D64CF6ED2E4;20
2043;DD50E4D9C47CDF72D24E89D248EDB35B;20
5198;109D2DD3608F669CA17920C511C2A41E;20
6360;90610AA0E24F63EC6D2637E06F9B9AF2;20
6500;8487E01FBAF43E758C17F86472CBF3E6;20
7250;752D2C9ECFE079E5E5F3539F4D750E5C;20
9769;3810B20210601CB47AAE3F1380A264D2;20
8171;B27D5296BEDE63B1493A5D321D4E8092;20
7266;951124D4A093EEAE83D9726A20295498;20
6047;E11943A6031A0E6114AE69C257617980;20
5869;B4F8E5C5FB53F5BA81072451531D5460;20
6564;320E4DF890A1A620573DB8170F39A093;20
5338;31CA0CA71184BBDB3DE7B20A51E88E90;20
2220;D4AC962A4CB181A66A9F2F481856C12E;20
5714;B1BD679EE670417856A31CD0F6F1FFD2;20
3985;142536B9B535B78E681C11B0195D962F;20
3662;F80BF05527157A8C2A7BB63B22F49AAA;20
7156;E36286B94D3C219F414E0427E5F73AA5;20
2446;48237D9F2DEA8C74C2A72126CF63D933;20
5459;E7AC288B0F2D41445904D071BA37AAFF;20
9342;1980FA3BBFF704C8BEC1B7196CF7DFBC;20
6412;9BDB8B1FAFFA4B3D41779BB495D79FB9;20
5574;070DBB6024B5EF93784428AFC71F2146;20
3640;A8EF1979AEEC2737AE3830EC543ED0DF;20
2555;1E591403FF232DE0F0F139AC51D99295;20
5867;751F915C24612CE66DBA400A86A0909B;20
1328;9800AA6DD63426E5155B76B184510F46;20
5351;B5C01503041B70D41D80E3DBE31BBD8C;20
7486;831C2F88A604A07CA94314B56A4921B8;20
2063;C2E06E9A80370952F6EC5463C77CBACE;20
2829;D073BB8D0C47F317DD39DE9C9F004E9D;20
5097;C45008212F7BDF6EAB6050C2A564435A;20
7879;8BA6C657B03FC7C8DD4DFF8E45DEFCD2;20
9935;7D1E6B02AF59EFEFD53323255D6DED3D;20
1793;253F7B5D921338AF34DA817C00F42753;20
6892;5EB2A86C4E7F9BA6DFE6F786E90C26D7;20
4062;A8D2795765FB6A8659FD48D8CA7EB888;20
8525;AB1A4D0DD4D48A2BA1077C4494791306;20
8410;92350DEE085A781753D9301FEA11D51C;20
6017;7A50D83A1E70E9D96C3357438AED7A44;20
4198;AF4732711661056EADBF798BA191272A;20
1662;6ACE73484D45F4C2BA13EC972DAD64BE;20
2186;6A783B626A6D892A132DC195E5504272;20
4996;0F089A3BCF38D052F7882D12B3923A82;20
7065;B49D4455D64520060AC01FB5A3C757E4;20
3809;808E53023EA4A8A9D6ECBC1290580F72;20
7744;B8B4B727D6F5D1B61FFF7BE687F7970F;20
5169;4F1AC1F615A1C3414134C2D3AE9A3F58;20
4905;986648642D1A68A3178F6869689CC260;20
1471;7BCBF838AAD2D6D4F975380EE45EF8D8;20
9056;3770282AE7C0E576D1017A97A9260A3F;20
8723;10C72A9D42DD07A028EE910F7854DA5D;20
9736;0B9E57C46DE934CEE33B0E8D1839BFC2;20
6613;C9AE603664BE6F45C2FC1620F2B0AB7B;20
3108;4A206753FB46C88CB473D70BFA605984;20
7933;164CC88744837AADFD7C50CBD7FE4F92;20
4061;373CB8CD58CAD5F1309B31C56E2D5A83;20
3491;2CBCA44843A864533EC05B321AE1F9D1;20
9757;645E6BFDD05D1A69C5E47B20F0A91D46;20
7692;7BA0691B7777B6581397456412A41390;20
5077;47A3893CC405396A5C30D91320572D6D;20
1222;A4D92E2CD541FCA87E4620ABA658316D;20
8424;B91F4F4D36FA98A94AC5584AF95594A0;20
9072;6A783B626A6D892A132DC195E5504272;20
3355;5B5C2E6AACC6CEB83EE96E328E591AEA;20
2162;97DE76211CD2EFDEFA4B8226E6CBF649;20
6289;4DFD2A142D36707F8043C40CE0746761;20
7825;A9D34FB66D81367590FDD5337324233A;20
3427;4D7E0D72898AE7EA3593EB5EBF20C744;20
1876;094BB65EF46D3EB4BE0A87877EC333EB;20
9897;C6969AE30D99F73951CB976B88A457AF;20
9205;E8DFFF4676A47048D6F0C4EF899593DD;20
8889;2E9F978B222A956BA6BDF427EFBD9AB3;20
7085;1FB36C4CCF88F7E67EAD155496F02338;20
3389;E4D8163C7A068B65A64C89BD745EC360;20
9460;48237D9F2DEA8C74C2A72126CF63D933;20
7440;2E2079D63348233D91CAD1FA9B1361E9;20
6466;16105FB9CC614FC29E1BDA00DAB60D41;20
7131;5034A5D62F91942D2A7AEAF527DFE111;20
6642;9FD98F856D3CA2086168F264A117ED7C;20
2730;B095EDB34FAD0D4CAAB18A338F638BDA;20
8601;D0F4DAE80C3D0277922F8371D5827292;20
8151;B4A0E0FBAA9F16D8947C49F4E610B549;20
1147;CAAEB10544B465034F389991EFC90877;20
9024;D0F1C52A0107BD8707444BBF130A0234;20
5689;4E6CD95227CB0C280E99A195BE5F6615;20
8632;B4D6F2B565CA0EEF1F9245403AAC366A;20
7526;68F3943E88E117A4ED1ED17C596A251F;20
4457;89AE0FE22C47D374BC9350EF99E01685;20
2851;F0BF4A2DA952528910047C31B6C2E951;20
1694;A052F1FCCF47B66D047F2234C53F1597;20
8673;15212F24321AA2C3DC8E9ACF820F3C15;20
3102;692BF3658E41106E0685C99FFC6F3343;20
9006;51ECCA3ABB51C77A924057626825F6A3;20
1826;FC6709BFDF0572F183C1A84CE5276E96;20
9441;79121BB953A3BD47C076F20234BAFD2E;20
7149;3810B20210601CB47AAE3F1380A264D2;20
7296;F7A82CE7E16D9687E7CD9A9FEB85D187;20
7635;692BF3658E41106E0685C99FFC6F3343;20
7115;A6E8AD49045F0BEF72FB92D7C4A97FED;20
6254;8FF3FDEF6F5144F50EB2A83CD34BAA5D;20
6034;BEDC7106FFA9616DDC27E360B9AC02A6;20
1004;D0F1C52A0107BD8707444BBF130A0234;20
5924;BA1B3EBA322EAB5D895AA3023FE78B9C;20
6515;B91F4F4D36FA98A94AC5584AF95594A0;20
8938;ECF9902E0F61677C8DE25AE60B654669;20
6405;9A555403384FC12F931656DEA910E334;20
9975;4E6CD95227CB0C280E99A195BE5F6615;20
7582;79E785D63F00348FF360D5A86528580B;20
9219;4F649B16C76753A6EBD0C8F442020945;20
8817;D4B2AEB2453BDADAA45CBE9882FFEFCF;20
7545;9FD98F856D3CA2086168F264A117ED7C;20
2141;B2EA5E977C5FC1CCFA74171A9723DD61;20
5726;DE8AA43E5D5FA8536CF23E54244476FA;20
4664;7EB3C8BE3D411E8EBFAB08EBA5F49632;20
3691;6BA5BC4FE4C3F704112D0BA94020F4C2;20
6379;3F53D7190148675E3CD472FC826828C5;20
1913;6A5DFAC4BE1502501489FC0F5A24B667;20
8242;5A767A4DCC32539B91DC6C3C7FFE44F0;20
5493;9CAFD121BA982E6DE30FFDF5ADA9CE2E;20
5042;7369F3C86BF3C0A354615432832D9E8F;20
6896;7A50D83A1E70E9D96C3357438AED7A44;20
4338;438124B4C06F3A5CAFFAB2C07863B617;20
1089;31C23973A376C90940F5F5FF2118B5D2;20
5434;5878531649E31DD68C52529E00059976;20
5216;C39E1A03859F9EE215BC49131D0CAF33;20
5137;D7A84628C025D30F7B2C52C958767E76;20
3836;76C538125FC5C9EC6AD1D05650A57DE5;20
6984;90AEF91F0D9E7C3BE322BD7BAE41617D;20
4222;D0F82E1046CCBD597C7F2A7BFBA9E7DD;20
5050;12E1B435E5E53888E787D22C1E8D262D;20
3561;C559DA2BA967EB820766939A658022C8;20
2055;A501BEBF79D570651FF601788EA9D16D;20
2198;4271846620D203FD0511C422D483CDBD;20
8800;9A1335EF5FFEBB0DE9D089C4182E4868;20
5885;7BA0691B7777B6581397456412A41390;20
4293;798CEBCCB32617AD94123450FD137104;20
9418;5EB2A86C4E7F9BA6DFE6F786E90C26D7;20
4965;0D98B597AA732AEA606BDE680C3B57D8;20
6028;44CD7A8F7F9F85129B9953950665064D;20
3140;0CE98F53E3AA229AA2F31B16E5DCBB4B;20
9361;B2004314AA49D95302179246148E0326;20
2167;B2EA5E977C5FC1CCFA74171A9723DD61;20
4330;1CFEAD9959B76CE44A847C850B61C587;20
9087;5446F217E9504BC593AD9DCF2EC88DDA;20
3190;04F2A4140112AE491F66A1C558DF795F;20
3311;18C7C32F90D25FBE5C1B9AC0E8D5E475;20
9984;59587BFFEC1C7846F3E34230141556AE;20
2880;34E157766F31DB3D2099831D348A7933;20
2454;3E5190EEB51EBE6C5BBC54EE8950C548;20
9539;ED23FBF18C2CD35F8C7F8DE44F85C08D;20
9085;E046EDE63264B10130007AFCA077877F;20
1156;0F089A3BCF38D052F7882D12B3923A82;20
3658;0F089A3BCF38D052F7882D12B3923A82;20
1109;67E235E7F2FA8800D8375409B566E6B6;20
3188;7BCBF838AAD2D6D4F975380EE45EF8D8;20
7928;0342C9A7B54450830E9727B98F8E3CB7;20
9008;7369F3C86BF3C0A354615432832D9E8F;20
2998;B47767F992CE8624345ACA182B76B202;20
5011;C45008212F7BDF6EAB6050C2A564435A;20
9937;5EB2A86C4E7F9BA6DFE6F786E90C26D7;20
5155;4E6CD95227CB0C280E99A195BE5F6615;20
7861;E68A83370FAACFAB07AE1F8AAF5352BB;20
1772;DCB8F45F8E51D8DC00940DA661FFBA9D;20
8109;0CE98F53E3AA229AA2F31B16E5DCBB4B;20
7206;0F089A3BCF38D052F7882D12B3923A82;20
2888;A052F1FCCF47B66D047F2234C53F1597;20
3941;20479C788FB27378C2C99EADCF207E7F;20
5299;253F7B5D921338AF34DA817C00F42753;20
8630;73A427BADEBE0E32CAA2E1FC7530B7F3;20
1244;7BCCFDE7714A1EBADF06C5F4CEA752C1;20
9851;62E0973455FD26EB03E91D5741A4A3BB;20
9015;2BF5E202FC973A02F417DC9AF000177B;20
1937;B143DD1D2536B541030525F25AF5FC38;20
1022;E474E8520850A6F3D13F268666736F33;20
6692;E2C4A40D50B47094F571E40EFEAD3900;20
7085;1FB36C4CCF88F7E67EAD155496F02338;20
7145;254A5ECB7AC40CC6C8FF9402F37EB585;20
5051;077586386987C403F951A187E2A8FF2E;20
5918;094BB65EF46D3EB4BE0A87877EC333EB;20
2049;6E3B0BF8B7D5956AE572B15CD7DDB0E1;20
3172;5EB2A86C4E7F9BA6DFE6F786E90C26D7;20
3499;D4BAD256C73A6B25B86CC9C1A77255B1;20
7976;A4D3AF69A34EE0822ADCBFC50BF1DED5;20
6627;4D7E0D72898AE7EA3593EB5EBF20C744;20
8202;10FFBBA2EC9025B945ACC154F3403AEC;20
2915;A501BEBF79D570651FF601788EA9D16D;20
4570;0C4A4DF48A930B56E7D71EC5A34B8257;20
1774;65184321C340B4D56581EE59B58D9D56;20
2999;B65F2ECD2900BA6AE49A14D9C4B16FB4;20
6274;52AA16FC56779AC9B2AE91A8B47927BA;20
8397;FEC8038AE4436CAA7188B2E3F0BD216F;20
6688;435D6AB1BA16BA7E05E09D9728BC36CA;20
5902;4DCFBC057E2AE8589F9BBD98B591C50A;20
1585;F60BB6BB4C96D4DF93C51BD69DCC15A0;20
1378;752D2C9ECFE079E5E5F3539F4D750E5C;20
3625;C404A5ADBF90E09631678B13B05D9D7A;20
4950;F880D0D6A01BA52FCFE6475DEFC13E0F;20
6890;435D6AB1BA16BA7E05E09D9728BC36CA;20
8959;F1676935F9304B97D59B0738289D2E22;20
2534;7369F3C86BF3C0A354615432832D9E8F;20
7154;04F2A4140112AE491F66A1C558DF795F;20
1764;E6384711491713D29BC63FC5EEB5BA4F;20
6952;69783EE76A92567D446143B811519068;20
5332;47257279D0B4F033E373B16E65F8F089;20
8472;2107931DE60C5A7C5D526BD1D6A8A34D;20
5000;30C0A496A57BCC2C7C6C481342526729;20
1754;FACCD5381832018F825308C686E45791;20
8103;A60937EBA57758ED45B6D3E91E8659F3;20
2432;30C0A496A57BCC2C7C6C481342526729;20
5791;1CFEAD9959B76CE44A847C850B61C587;20
9483;967C2AE04B169F07E7FA8FDFD110551E;20
3631;D958E1F17D03638BBA20AD39B2FB989E;20
6661;4A206753FB46C88CB473D70BFA605984;20
9578;F24AD6F72D6CC4CB51464F2B29AB69D3;20
8757;1A551829D50F1400B0DAB21FDD969C04;20
8461;A42A596FC71E17828440030074D15E74;20
7830;81BC798A42A7CE40810BF523F24DEEE1;20
4676;C88D8D0A6097754525E02C2246D8D27F;20
4342;102B905D54A908AE26000ED4801734B0;20
6090;692BF3658E41106E0685C99FFC6F3343;20
3619;077586386987C403F951A187E2A8FF2E;20
9974;761E6675F9E54673CC778E7FDB2823D2;20
6916;DCB8F45F8E51D8DC00940DA661FFBA9D;20
1026;5878531649E31DD68C52529E00059976;20
1376;9563D542654B05FC1295A9DDB553CA97;20
6261;67E235E7F2FA8800D8375409B566E6B6;20
6505;A2CC63E065705FE938A4DDA49092966F;20
1147;CAAEB10544B465034F389991EFC90877;20
6050;FEC87A37CDEEC1C6ECF8181C0AA2D3BF;20
5192;EFB3D8BE0319721EF751DA0B05D9F6A5;20
2943;69F62956429865909921FA916D61C1F8;20
2245;F91E24DFE80012E2A7984AFA4480A6D6;20
1871;7EDCFB2D8F6A659EF4CD1E6C9B6D7079;20
6533;F7A82CE7E16D9687E7CD9A9FEB85D187;20
8889;2E9F978B222A956BA6BDF427EFBD9AB3;20
2668;752D2C9ECFE079E5E5F3539F4D750E5C;20
8955;EBEF22399DD37C14FCBE768327022889;20
8047;A87D27F712DF362CD22C7A8EF823E987;20
1499;B4F8E5C5FB53F5BA81072451531D5460;20
6691;79121BB953A3BD47C076F20234BAFD2E;20
9723;E2C4A40D50B47094F571E40EFEAD3900;20
6348;C0F82517AF0829DAAC3A6CF82E9ECC1E;20
4864;B65F2ECD2900BA6AE49A14D9C4B16FB4;20
8637;A8EF1979AEEC2737AE3830EC543ED0DF;20
6544;2F891485332423C8715842537CF742A0;20
6086;A4D3AF69A34EE0822ADCBFC50BF1DED5;20
8688;0D98B597AA732AEA606BDE680C3B57D8;20
4785;B8B4B727D6F5D1B61FFF7BE687F7970F;20
8525;AB1A4D0DD4D48A2BA1077C4494791306;20
7088;155DD3CA4C009BB5930C050AA669E248;20
6521;12780EA688A71DABC284B064ADD459A4;20
3778;A8EF1979AEEC2737AE3830EC543ED0DF;20
7722;0B9B6D6D154E98CE34B3F2E4EF76EAE9;20
7433;ED1D136FF42CCEC596038BA1C11C8A46;20
8038;A2B8A85A29B2D64AD6F47275BF1360C6;20
5607;1E932F24DC0AA4E7A6AC2BEEC387416D;20
3354;5034A5D62F91942D2A7AEAF527DFE111;20
2033;A424ED4BD3A7D6AEA720B86D4A360F75;20
1481;8860A4E27CBBE4C63821B429211684A3;20
3221;5C2E4C80EECDE1E0C37BDF00F84A9DD1;20
1769;CA7E09EACF1AE34BC819D495C5ADFED9;20
4930;4005973D0841EAC706DC9B8B32858D9D;20
1407;EA9BF866D98DB73EB0909FA9C1CC1B11;20
4489;A501BEBF79D570651FF601788EA9D16D;20
2043;DD50E4D9C47CDF72D24E89D248EDB35B;20
9444;9A1335EF5FFEBB0DE9D089C4182E4868;20
9302;FBC01D515DAC182BA3524A3B11FDF4B2;20
1522;21E8CADBA9839CD22BC29597866632E3;20
2069;3D36C07721A0A5A96436D6C536A132EC;20
9241;9C4E6233C6D5FF637E7984152A3531D5;20
2462;E11943A6031A0E6114AE69C257617980;20
8359;CD8D5260C8131CA7AEEA5D41796D1A0A;20
9908;28D6ABF291FDD1F27F7C5F75EFC4FFB9;20
6651;583CF6A4542809A64AD14586EC00EBE0;20
4777;416849DA96FB73BEE793E2BF65AE43AC;20
8626;525B8410CC8612283C9ECAF9A319F8ED;20
1017;6D1E481BDCF159961818823E652A7725;20
6797;FEECEE9F1643651799EDE2740927317A;20
7690;986648642D1A68A3178F6869689CC260;20
9040;9F810EBD27F4DBCF1CCC9302E5125F08;20
2657;A19744E268754FB0148B017647355B7B;20
4651;67E235E7F2FA8800D8375409B566E6B6;20
8689;2CBCA44843A864533EC05B321AE1F9D1;20
5615;FF0ABBCC0227C9124A804B084D161A2D;20
4441;E2C4A40D50B47094F571E40EFEAD3900;20
6736;5607FE8879E4FD269E88387E8CB30B7E;20
8092;3810B20210601CB47AAE3F1380A264D2;20
3953;E0B0F9051084FD476926501AF19E1E96;20
6495;4D7E0D72898AE7EA3593EB5EBF20C744;20
9983;8B23187C36F529BF661E3FD5B29060C1;20
9809;B87470782489389F344C4FA4CEB5260C;20
6305;7BA0691B7777B6581397456412A41390;20
1181;0A1BF96B7165E962E90CB14648C9462D;20
1230;04F2A4140112AE491F66A1C558DF795F;20
7993;3332880692313818482A5A0286608AB6;20
3950;E3F3064AC424A80E0ABEC999E9AC6D17;20
2636;4DDB5B8D603F88E9DE689F3230234B47;20
9918;A42A596FC71E17828440030074D15E74;20
5188;7D7C45B9A935CF9D845FC75679A41559;20
8037;7C4EDE33A62160A19586F6E26EAEFACF;20
4672;87AE6FB631F7C8A627E8E28785D9992D;20
7843;20479C788FB27378C2C99EADCF207E7F;20
1655;692BF3658E41106E0685C99FFC6F3343;20
6209;806A19775027CF2F84C129D410CE1C8A;20
5730;EA06ED6E977637A81EA9D22B3090E28A;20
2207;AB1A4D0DD4D48A2BA1077C4494791306;20
7062;E2C4A40D50B47094F571E40EFEAD3900;20
4242;4E6CD95227CB0C280E99A195BE5F6615;20
8640;0342C9A7B54450830E9727B98F8E3CB7;20
4810;48237D9F2DEA8C74C2A72126CF63D933;20
4598;435D6AB1BA16BA7E05E09D9728BC36CA;20
2422;9718DB12CAE6BE37F7349779007EE589;20
1930;665D5CBB82B5785D9F344C46417C6C36;20
2934;23D38970923B1165915709E05326D2C6;20
1894;DE8AA43E5D5FA8536CF23E54244476FA;20
8606;C404A5ADBF90E09631678B13B05D9D7A;20
7291;CAA145542F7333F6EBF99A72B87BDEBA;20
4392;1D936DADF30010A96155A780553D5513;20
4822;F40EE694989B3E2161BE989E7B9907FC;20
4713;79121BB953A3BD47C076F20234BAFD2E;20
1601;479F499DF3BBC0DEDA265B92316D362F;20
4217;52AA16FC56779AC9B2AE91A8B47927BA;20
2377;675BE3930765F553975C0B140BBF0863;20
6926;F1676935F9304B97D59B0738289D2E22;20
7596;0F089A3BCF38D052F7882D12B3923A82;20
7696;F6D9E459B9FBF6DD26C4F7D621ADEC1D;20
7349;DE8AA43E5D5FA8536CF23E54244476FA;20
2010;233F1DD0F3F537BCB7A338EA74D63483;20
4892;CD8D5260C8131CA7AEEA5D41796D1A0A;20
8804;F0BB93E395C7C1A09E6206F2016DFC47;20
2435;2F891485332423C8715842537CF742A0;20
6980;466FB9BD9D76E8388D327709C005D02E;20
8529;E9470886ECAB9743FB7EA59420C245D2;20
9597;0D7F9017FBDA691900187B22404B8A1F;20
5759;0342C9A7B54450830E9727B98F8E3CB7;20
4812;89AE0FE22C47D374BC9350EF99E01685;20
4675;F6D9E459B9FBF6DD26C4F7D621ADEC1D;20
9803;4271846620D203FD0511C422D483CDBD;20
7526;68F3943E88E117A4ED1ED17C596A251F;20
8002;328347805873E9A9C700591812FB0EC2;20
5385;C39E1A03859F9EE215BC49131D0CAF33;20
8669;40C48DAB939A482F04DCECDE07E27DE6;20
4652;06F34114E73791BE999E3D13029D9901;20
5577;7BCCFDE7714A1EBADF06C5F4CEA752C1;20
9582;C1BB2EC7A913E32A2D05CACF3B83CD1B;20
2099;2639C6BD2A42E714227B06646829D6EA;20
8804;F0BB93E395C7C1A09E6206F2016DFC47;20
1583;D254C8A084D4545BD80577481AA03076;20
7534;18C7C32F90D25FBE5C1B9AC0E8D5E475;20
6269;30C0A496A57BCC2C7C6C481342526729;20
3203;3EEFCEB8087E964F89C2D59E8A249915;20
8164;F4661398CB1A3ABD3FFE58600BF11322;20
9128;A501BEBF79D570651FF601788EA9D16D;20
6194;5A3826D813001706FA846BB364E7E363;20
5930;B59307FDACF7B2DB12EC4BD5CA1CABA8;20
1097;C5EEE1896752E5AC19A3A0BB34FBAB4B;20
6223;FB4C48608CE8825B558CCF07169A3421;20
8152;52AA16FC56779AC9B2AE91A8B47927BA;20
5246;44CD7A8F7F9F85129B9953950665064D;20
3062;070DBB6024B5EF93784428AFC71F2146;20
3158;9718DB12CAE6BE37F7349779007EE589;20
6519;F1676935F9304B97D59B0738289D2E22;20
5592;18A4E1366EB78AF25ED5CFC306E8F873;20
8960;5BD844F11FA520D54FA5EDEC06EA2507;20
2295;18A4E1366EB78AF25ED5CFC306E8F873;20
8283;35285AA740B37F0B1933DA97BF4CA4B9;20
6554;9563D542654B05FC1295A9DDB553CA97;20
1339;97275A23CA44226C9964043C8462BE96;20
4111;F0BB93E395C7C1A09E6206F2016DFC47;20
5466;E2C4A40D50B47094F571E40EFEAD3900;20
6028;44CD7A8F7F9F85129B9953950665064D;20
4328;9F93557D309F655FF06F109A08DCF7C4;20
7928;0342C9A7B54450830E9727B98F8E3CB7;20
8726;806FEC5AF7F5B48B8A31A003E171F3FB;20
2246;ED1D136FF42CCEC596038BA1C11C8A46;20
8539;35285AA740B37F0B1933DA97BF4CA4B9;20
3838;3BCF6EECB2611212E088D0D91F2ADE9C;20
9669;A1519DE5B5D44B31A01DE013B9B51A80;20
7110;48237D9F2DEA8C74C2A72126CF63D933;20
9052;986648642D1A68A3178F6869689CC260;20
1774;65184321C340B4D56581EE59B58D9D56;20
5763;7385DB9A3F11415BC0E9E2625FAE3734;20
5493;9CAFD121BA982E6DE30FFDF5ADA9CE2E;20
1967;E6384711491713D29BC63FC5EEB5BA4F;20
6951;E6385D39EC9394F2F3A354D9D2B88EEC;20
1310;EF67F7C2D86352C2C42E19D20F881F53;20
6781;DDF354219AAC374F1D40B7E760EE5BB7;20
3975;4DDB5B8D603F88E9DE689F3230234B47;20
8090;2E9F978B222A956BA6BDF427EFBD9AB3;20
9629;04F2A4140112AE491F66A1C558DF795F;20
7952;F1676935F9304B97D59B0738289D2E22;20
4082;C4C42505A03F2E969B4C0A97EE9B34E7;20
9960;00430C0C1FAE276C9713AB5F21167882;20
3448;C1F75CC0F7FE269DD0FD9BD5E24F9586;20
9906;B87470782489389F344C4FA4CEB5260C;20
9904;48237D9F2DEA8C74C2A72126CF63D933;20
4743;7967CC8E3AB559E68CC944C44B1CF3E8;20
5520;79121BB953A3BD47C076F20234BAFD2E;20
3607;A0F3601DC682036423013A5D965DB9AA;20
4942;F0BF4A2DA952528910047C31B6C2E951;20
5674;1F36C15D6A3D18D52E8D493BC8187CB9;20
8669;40C48DAB939A482F04DCECDE07E27DE6;20
5827;0D98B597AA732AEA606BDE680C3B57D8;20
1839;81E5F81DB77C596492E6F1A5A792ED53;20
6195;9FD98F856D3CA2086168F264A117ED7C;20
8751;A1D2E644CF5204646A9E4BE041FC53A3;20
1929;5034A5D62F91942D2A7AEAF527DFE111;20
1927;CAA145542F7333F6EBF99A72B87BDEBA;20
4607;6CD9313ED34EF58BAD3FDD504355E72C;20
1551;F60BB6BB4C96D4DF93C51BD69DCC15A0;20
8181;1D936DADF30010A96155A780553D5513;20
2291;A729D76292A6A72FC99598BBC1E33AE6;20
3825;5B5C2E6AACC6CEB83EE96E328E591AEA;20
9226;CF9819DF265DB90772D487D5B2CD3CF4;20
3549;1A551829D50F1400B0DAB21FDD969C04;20
4172;67E235E7F2FA8800D8375409B566E6B6;20
4374;34E157766F31DB3D2099831D348A7933;20
1732;0BF9A997C615CB6CB3548A65C0218F44;20
9779;532435C44BEC236B471A47A88D63513D;20
8771;F91E24DFE80012E2A7984AFA4480A6D6;20
6215;F80BF05527157A8C2A7BB63B22F49AAA;20
7606;652CF38361A209088302BA2B8B7F51E0;20
3856;EE0E95249268B86FF2053BEF214BFEDA;20
4441;E2C4A40D50B47094F571E40EFEAD3900;20
2328;E2A7555F7CABD6E31AEF45CB8CDA4999;20
2586;5C7A3B81A677C639C76989610183C0E0;20
4594;BE6AD6F949EEB8EBB94EBC82F0FAC2F2;20
6779;55A0CE8200CF39C3028EBC66F356BF7E;20
1249;DDF354219AAC374F1D40B7E760EE5BB7;20
5817;AC796A52DB3F16BBDB6557D3D89D1C5A;20
2204;FEC8038AE4436CAA7188B2E3F0BD216F;20
4383;90610AA0E24F63EC6D2637E06F9B9AF2;20
4904;986648642D1A68A3178F6869689CC260;20
6794;718EA70458E7267659F6F7751972DE2D;20
6166;3E5190EEB51EBE6C5BBC54EE8950C548;20
6881;DD50E4D9C47CDF72D24E89D248EDB35B;20
6150;F80F78A0E6C02B5B479CEA3B717E9E34;20
5801;68C694DE94E6C110F42E587E8E48D852;20
5646;AB9EBD57177B5106AD7879F0896685D4;20
1385;1BA922AC006A8E5F2B123684C2F4D65F;20
7433;ED1D136FF42CCEC596038BA1C11C8A46;20
2304;28B60A16B55FD531047C0C958CE14B95;20
2966;46DCE5F2F0E61EDB70931A00D00A464E;20
1701;AFDC9C071BDFA235C1FA041758A7DFFE;20
4808;9A555403384FC12F931656DEA910E334;20
9647;0F089A3BCF38D052F7882D12B3923A82;20
9383;B8B12F949378552C21F28DEFF8BA8EB6;20
9473;16FC18D787294AD5171100E33D05D4E2;20
1398;DCFC93F21DF61572292B04840D5C534B;20
3480;B85D65C39E12A5515C19FD72B6F48199;20
9523;0A1BF96B7165E962E90CB14648C9462D;20
1915;89AE0FE22C47D374BC9350EF99E01685;20
6025;7EDCFB2D8F6A659EF4CD1E6C9B6D7079;20
7495;228E338FDDCDF62A8065110D0B5F87FB;20
1336;C8BA76C279269B1C6BC8A07E38E78FA4;20
8979;4D7E0D72898AE7EA3593EB5EBF20C744;20
5372;4AECFBE5D21E3F7912BF8EB29124423A;20
5437;BD22BDA4D3651B7AEFB85F676D3F18CD;20
5374;89F05CB285F636E4A39D7F14FFFC796E;20
6569;5EB2A86C4E7F9BA6DFE6F786E90C26D7;20
8522;D958E1F17D03638BBA20AD39B2FB989E;20
4872;2D3B02917EA2900FE129741A9C0F3857;20
4535;44151DE6BE734DB545EC958E77B0F9DF;20
9914;A8EF1979AEEC2737AE3830EC543ED0DF;20
1135;233F1DD0F3F537BCB7A338EA74D63483;20
7834;A577DAD7E00EAAD256C112C836F55B11;20
6118;C900FE92840C527A0C54F28640C2F254;20
8317;8487E01FBAF43E758C17F86472CBF3E6;20
2847;26D4B4313A7E5828856BC0791FCA39A2;20
8333;F80F78A0E6C02B5B479CEA3B717E9E34;20
2240;FBC01D515DAC182BA3524A3B11FDF4B2;20
2273;04F2A4140112AE491F66A1C558DF795F;20
9697;583CF6A4542809A64AD14586EC00EBE0;20
5660;125C0E943C73BB8A0840AB524FDCBD08;20
9146;6E96BE832CF8BC6B35A956E8FB66C76A;20
1403;B4F8E5C5FB53F5BA81072451531D5460;20
7514;2BF5E202FC973A02F417DC9AF000177B;20
7574;416849DA96FB73BEE793E2BF65AE43AC;20
6973;E94FE9AC8DC10DD8B9A239E6ABEE2848;20
9712;58EC72DF0CACA51DF569D0B497C33805;20
4225;B143DD1D2536B541030525F25AF5FC38;20
8763;B4F8E5C5FB53F5BA81072451531D5460;20
8832;580F9AA264F1108DA3DB844806F3952E;20
7462;9379C23AC12DC94053207373040BC791;20
4021;B8A03C5C15FCFA8DAE0B03351EB1742F;20
3387;A2B8A85A29B2D64AD6F47275BF1360C6;20
5884;0A1BF96B7165E962E90CB14648C9462D;20
6315;350DB081A661525235354DD3E19B8C05;20
7106;AD16FE8F92F051AFBF656271AFD7872D;20
1155;7369F3C86BF3C0A354615432832D9E8F;20
8243;5F1D3986FAE10ED2994D14ECD89892D7;20
1493;44CD7A8F7F9F85129B9953950665064D;20
6585;FB5C2BC1AA847F387022607D16ADC510;20
7127;761E6675F9E54673CC778E7FDB2823D2;20
3130;451B7ED3A3F81564A51F3B904E345406;20
7407;E2C4A40D50B47094F571E40EFEAD3900;20
9633;D2A452EDFF079CA6980EDCF54CC49945;20
5356;47A658229EB2368A99F1D032C8848542;20
1674;18A4E1366EB78AF25ED5CFC306E8F873;20
9563;D2A452EDFF079CA6980EDCF54CC49945;20
9717;DAF175D92AA404F0D522AA875B59FD71;20
2568;ECF9902E0F61677C8DE25AE60B654669;20
4196;36FA3ECC0B2D2BFE0BEC0F2B369F24DB;20
8615;F9D1152547C0BDE01830B7E8BD60024C;20
3066;9D28DE8FF9BB6A3FA41FDDFDC28F3BC1;20
5297;B3B43AEEACB258365CC69CDAF42A68AF;20
3542;C12706A7C6E8D6476C3D2B6AE0042A82;20
4085;F02A8FDE79DDF5B978CD9AE9D408B7C1;20
9005;79121BB953A3BD47C076F20234BAFD2E;20
7295;9563D542654B05FC1295A9DDB553CA97;20
5322;6E4621AF9A4DA94A7C85D7ECD19B1271;20
7635;692BF3658E41106E0685C99FFC6F3343;20
7031;A14AC55A4F27472C5D894EC1C3C743D2;20
5557;E11943A6031A0E6114AE69C257617980;20
3454;3E33B970F21D2FC65096871EA0D2C6E4;20
7758;E2A7555F7CABD6E31AEF45CB8CDA4999;20
4702;4271846620D203FD0511C422D483CDBD;20
4037;C1BB2EC7A913E32A2D05CACF3B83CD1B;20
8477;D0F4DAE80C3D0277922F8371D5827292;20
3420;94B02D7D3F29B972B34C169CFA68120D;20
1523;4271846620D203FD0511C422D483CDBD;20
2945;19ECA5979CCBB752778E6C5F090DC9B6;20
8506;1E5186BCA8F75FCA53960E8CB4A3B973;20
9487;C45008212F7BDF6EAB6050C2A564435A;20
8005;4D7E0D72898AE7EA3593EB5EBF20C744;20
9571;ED23FBF18C2CD35F8C7F8DE44F85C08D;20
3542;C12706A7C6E8D6476C3D2B6AE0042A82;20
4733;7D1E6B02AF59EFEFD53323255D6DED3D;20
3983;69F62956429865909921FA916D61C1F8;20
8706;37C9216B00A111AC0E1F81DE25DDFF77;20
3085;B87470782489389F344C4FA4CEB5260C;20
8872;FC394E9935FBD62C8AEDC372464E1965;20
9118;147EBE637038CA50A1265ABAC8DEA181;20
2102;F6D9E459B9FBF6DD26C4F7D621ADEC1D;20
5638;528E46A711DF9F45DFE8B43163F34772;20
1283;5034A5D62F91942D2A7AEAF527DFE111;20
